Determining if the system is big endian passed with the following output:
Change Dir: /Users/zhangpeng/rtmp/crtmpserver/builders/xcode/CMakeFiles/CMakeTmp

Run Build Command:/usr/local/Cellar/cmake28/2.8.12.2/bin/cmakexbuild -project CMAKE_TRY_COMPILE.xcodeproj build -target cmTryCompileExec1991181961 -configuration Debug
2016-04-08 14:34:06.793 xcodebuild[19752:196100] warning:  The file reference for "CMakeLists.txt" is a member of multiple groups ("ALL_BUILD" and "cmTryCompileExec1991181961"); this indicates a malformed project.  Only the membership in one of the groups will be preserved (but membership in targets will be unaffected).  If you want a reference to the same file in more than one group, please add another reference to the same path.
=== BUILD TARGET cmTryCompileExec1991181961 OF PROJECT CMAKE_TRY_COMPILE WITH CONFIGURATION Debug ===

Check dependencies

Write auxiliary files
/bin/mkdir -p /Users/zhangpeng/rtmp/crtmpserver/builders/xcode/CMakeFiles/CMakeTmp/CMAKE_TRY_COMPILE.build/Debug/cmTryCompileExec1991181961.build/Objects-normal/x86_64
write-file /Users/zhangpeng/rtmp/crtmpserver/builders/xcode/CMakeFiles/CMakeTmp/CMAKE_TRY_COMPILE.build/Debug/cmTryCompileExec1991181961.build/Objects-normal/x86_64/cmTryCompileExec1991181961.LinkFileList

CompileC CMAKE_TRY_COMPILE.build/Debug/cmTryCompileExec1991181961.build/Objects-normal/x86_64/TestEndianess.o TestEndianess.c normal x86_64 c com.apple.compilers.llvm.clang.1_0.compiler
    cd /Users/zhangpeng/rtmp/crtmpserver/builders/xcode/CMakeFiles/CMakeTmp
    export LANG=en_US.US-ASCII
    /Applications/Xcode.app/Contents/Developer/Toolchains/XcodeDefault.xctoolchain/usr/bin/clang -x c -arch x86_64 -fmessage-length=0 -fdiagnostics-show-note-include-stack -fmacro-backtrace-limit=0 -Wno-trigraphs -fpascal-strings -O0 -Wno-missing-field-initializers -Wno-missing-prototypes -Wno-return-type -Wno-missing-braces -Wparentheses -Wswitch -Wno-unused-function -Wno-unused-label -Wno-unused-parameter -Wno-unused-variable -Wunused-value -Wno-empty-body -Wno-uninitialized -Wno-unknown-pragmas -Wno-shadow -Wno-four-char-constants -Wno-conversion -Wno-constant-conversion -Wno-int-conversion -Wno-bool-conversion -Wno-enum-conversion -Wno-shorten-64-to-32 -Wpointer-sign -Wno-newline-eof -DCMAKE_INTDIR=\"Debug\" -isysroot /Applications/Xcode.app/Contents/Developer/Platforms/MacOSX.platform/Developer/SDKs/MacOSX10.11.sdk -fasm-blocks -fstrict-aliasing -Wdeprecated-declarations -mmacosx-version-min=10.11 -g -Wno-sign-conversion -I/Users/zhangpeng/rtmp/crtmpserver/builders/xcode/CMakeFiles/CMakeTmp/Debug/include -I/Users/zhangpeng/rtmp/crtmpserver/builders/xcode/CMakeFiles/CMakeTmp/CMAKE_TRY_COMPILE.build/Debug/cmTryCompileExec1991181961.build/DerivedSources/x86_64 -I/Users/zhangpeng/rtmp/crtmpserver/builders/xcode/CMakeFiles/CMakeTmp/CMAKE_TRY_COMPILE.build/Debug/cmTryCompileExec1991181961.build/DerivedSources -Wmost -Wno-four-char-constants -Wno-unknown-pragmas -F/Users/zhangpeng/rtmp/crtmpserver/builders/xcode/CMakeFiles/CMakeTmp/Debug -MMD -MT dependencies -MF /Users/zhangpeng/rtmp/crtmpserver/builders/xcode/CMakeFiles/CMakeTmp/CMAKE_TRY_COMPILE.build/Debug/cmTryCompileExec1991181961.build/Objects-normal/x86_64/TestEndianess.d --serialize-diagnostics /Users/zhangpeng/rtmp/crtmpserver/builders/xcode/CMakeFiles/CMakeTmp/CMAKE_TRY_COMPILE.build/Debug/cmTryCompileExec1991181961.build/Objects-normal/x86_64/TestEndianess.dia -c /Users/zhangpeng/rtmp/crtmpserver/builders/xcode/CMakeFiles/CMakeTmp/TestEndianess.c -o /Users/zhangpeng/rtmp/crtmpserver/builders/xcode/CMakeFiles/CMakeTmp/CMAKE_TRY_COMPILE.build/Debug/cmTryCompileExec1991181961.build/Objects-normal/x86_64/TestEndianess.o

Ld Debug/cmTryCompileExec1991181961 normal x86_64
    cd /Users/zhangpeng/rtmp/crtmpserver/builders/xcode/CMakeFiles/CMakeTmp
    export MACOSX_DEPLOYMENT_TARGET=10.11
    /Applications/Xcode.app/Contents/Developer/Toolchains/XcodeDefault.xctoolchain/usr/bin/clang -arch x86_64 -isysroot /Applications/Xcode.app/Contents/Developer/Platforms/MacOSX.platform/Developer/SDKs/MacOSX10.11.sdk -L/Users/zhangpeng/rtmp/crtmpserver/builders/xcode/CMakeFiles/CMakeTmp/Debug -F/Users/zhangpeng/rtmp/crtmpserver/builders/xcode/CMakeFiles/CMakeTmp/Debug -filelist /Users/zhangpeng/rtmp/crtmpserver/builders/xcode/CMakeFiles/CMakeTmp/CMAKE_TRY_COMPILE.build/Debug/cmTryCompileExec1991181961.build/Objects-normal/x86_64/cmTryCompileExec1991181961.LinkFileList -mmacosx-version-min=10.11 -Wl,-search_paths_first -Wl,-headerpad_max_install_names -Xlinker -dependency_info -Xlinker /Users/zhangpeng/rtmp/crtmpserver/builders/xcode/CMakeFiles/CMakeTmp/CMAKE_TRY_COMPILE.build/Debug/cmTryCompileExec1991181961.build/Objects-normal/x86_64/cmTryCompileExec1991181961_dependency_info.dat -o /Users/zhangpeng/rtmp/crtmpserver/builders/xcode/CMakeFiles/CMakeTmp/Debug/cmTryCompileExec1991181961

** BUILD SUCCEEDED **


TestEndianess.c:
/* A 16 bit integer is required. */
typedef unsigned short cmakeint16;

/* On a little endian machine, these 16bit ints will give "THIS IS LITTLE ENDIAN."
   On a big endian machine the characters will be exchanged pairwise. */
const cmakeint16 info_little[] =  {0x4854, 0x5349, 0x4920, 0x2053, 0x494c, 0x5454, 0x454c, 0x4520, 0x444e, 0x4149, 0x2e4e, 0x0000};

/* on a big endian machine, these 16bit ints will give "THIS IS BIG ENDIAN."
   On a little endian machine the characters will be exchanged pairwise. */
const cmakeint16 info_big[] =     {0x5448, 0x4953, 0x2049, 0x5320, 0x4249, 0x4720, 0x454e, 0x4449, 0x414e, 0x2e2e, 0x0000};

#ifdef __CLASSIC_C__
int main(argc, argv) int argc; char *argv[];
#else
int main(int argc, char *argv[])
#endif
{
  int require = 0;
  require += info_little[argc];
  require += info_big[argc];
  (void)argv;
  return require;
}


